react-native/android/app/build/outputs/logs/manifest-merger-debug-report.txt
-- Merging decision tree log ---
manifest
ADDED from src\main\AndroidManifest.xml:1:1-34:12
INJECTED from src\main\AndroidManifest.xml:1:1-34:12
INJECTED from src\main\AndroidManifest.xml:1:1-34:12
INJECTED from src\main\AndroidManifest.xml:1:1-34:12
MERGED from src\main\AndroidManifest.xml:1:1-34:12
MERGED from [com.facebook.flipper:flipper-network-plugin:0.182.0] AndroidManifest.xml:8:1-15:12
MERGED from [com.facebook.flipper:flipper-fresco-plugin:0.182.0] AndroidManifest.xml:8:1-15:12
MERGED from [com.facebook.flipper:flipper:0.182.0] AndroidManifest.xml:8:1-18:12
MERGED from [:amplitude_react-native] AndroidManifest.xml:2:1-7:12
MERGED from [:giphy_react-native-sdk] AndroidManifest.xml:2:1-7:12
MERGED from [:jitsi_react-native-sdk] AndroidManifest.xml:2:1-7:12
MERGED from [:react-native-async-storage_async-storage] AndroidManifest.xml:2:1-7:12
MERGED from [:react-native-community_clipboard] AndroidManifest.xml:2:1-7:12
MERGED from [:react-native-community_netinfo] AndroidManifest.xml:2:1-10:12
MERGED from [:react-native-community_slider] AndroidManifest.xml:2:1-7:12
MERGED from [:react-native-google-signin_google-signin] AndroidManifest.xml:2:1-7:12
MERGED from [:react-native-background-timer] AndroidManifest.xml:2:1-9:12
MERGED from [:react-native-calendar-events] AndroidManifest.xml:2:1-10:12
MERGED from [:react-native-default-preference] AndroidManifest.xml:2:1-7:12
MERGED from [:react-native-device-info] AndroidManifest.xml:2:1-7:12
MERGED from [:react-native-gesture-handler] AndroidManifest.xml:2:1-7:12
MERGED from [:react-native-get-random-values] AndroidManifest.xml:2:1-7:12
MERGED from [:react-native-immersive-mode] AndroidManifest.xml:2:1-7:12
MERGED from [:react-native-keep-awake] AndroidManifest.xml:2:1-7:12
MERGED from [:react-native-orientation-locker] AndroidManifest.xml:2:1-7:12
MERGED from [:react-native-pager-view] AndroidManifest.xml:2:1-7:12
MERGED from [:react-native-performance] AndroidManifest.xml:2:1-15:12
MERGED from [:react-native-safe-area-context] AndroidManifest.xml:2:1-7:12
MERGED from [:react-native-screens] AndroidManifest.xml:2:1-7:12
MERGED from [:react-native-splash-screen] AndroidManifest.xml:2:1-7:12
MERGED from [:react-native-svg] AndroidManifest.xml:2:1-7:12
MERGED from [:react-native-video] AndroidManifest.xml:2:1-7:12
MERGED from [:react-native-webrtc] AndroidManifest.xml:2:1-23:12
MERGED from [:react-native-webview] AndroidManifest.xml:2:1-19:12
MERGED from [com.facebook.react:react-android:0.72.12] AndroidManifest.xml:2:1-7:12
MERGED from [com.facebook.react:hermes-android:0.72.12] AndroidManifest.xml:2:1-7:12
MERGED from [:react-native-sound] AndroidManifest.xml:2:1-8:12
MERGED from [com.giphy.sdk:ui:2.3.4] AndroidManifest.xml:2:1-23:12
MERGED from [com.facebook.fresco:imagepipeline-okhttp3:2.6.0] AndroidManifest.xml:2:1-9:12
MERGED from [com.airbnb.android:lottie:3.4.1] AndroidManifest.xml:2:1-11:12
MERGED from [com.github.jiangdongguo.AndroidUSBCamera:libausbc:3.3.3] AndroidManifest.xml:2:1-13:12
MERGED from [com.github.jiangdongguo.AndroidUSBCamera:libnative:3.3.3] AndroidManifest.xml:2:1-9:12
MERGED from [com.google.android.material:material:1.6.1] AndroidManifest.xml:17:1-26:12
MERGED from [androidx.constraintlayout:constraintlayout:2.1.4] AndroidManifest.xml:2:1-11:12
MERGED from [com.github.jiangdongguo.AndroidUSBCamera:libuvc:3.3.3] AndroidManifest.xml:24:1-31:12
MERGED from [com.github.jiangdongguo.AndroidUSBCamera:libuvccommon:3.3.3] AndroidManifest.xml:2:1-9:12
MERGED from [androidx.preference:preference:1.0.0] AndroidManifest.xml:17:1-22:12
MERGED from [androidx.appcompat:appcompat:1.4.2] AndroidManifest.xml:17:1-24:12
MERGED from [com.google.android.gms:play-services-auth:20.5.0] AndroidManifest.xml:17:1-40:12
MERGED from [androidx.viewpager2:viewpager2:1.0.0] AndroidManifest.xml:17:1-24:12
MERGED from [com.google.android.gms:play-services-iid:17.0.0] AndroidManifest.xml:17:1-28:12
MERGED from [com.google.android.gms:play-services-auth-api-phone:18.0.1] AndroidManifest.xml:2:1-7:12
MERGED from [com.google.android.gms:play-services-auth-base:18.0.4] AndroidManifest.xml:2:1-7:12
MERGED from [com.google.android.gms:play-services-fido:20.0.1] AndroidManifest.xml:2:1-10:12
MERGED from [com.google.android.gms:play-services-base:18.0.1] AndroidManifest.xml:16:1-24:12
MERGED from [com.google.android.gms:play-services-tasks:18.0.1] AndroidManifest.xml:2:1-6:12
MERGED from [com.google.android.gms:play-services-stats:17.0.0] AndroidManifest.xml:2:1-9:12
MERGED from [com.google.android.gms:play-services-basement:18.2.0] AndroidManifest.xml:16:1-26:12
MERGED from [androidx.legacy:legacy-support-v4:1.0.0] AndroidManifest.xml:17:1-22:12
MERGED from [androidx.fragment:fragment:1.3.6] AndroidManifest.xml:17:1-24:12
MERGED from [androidx.activity:activity:1.6.0] AndroidManifest.xml:17:1-22:12
MERGED from [androidx.dynamicanimation:dynamicanimation:1.0.0] AndroidManifest.xml:17:1-22:12
MERGED from [androidx.legacy:legacy-support-core-ui:1.0.0] AndroidManifest.xml:17:1-22:12
MERGED from [androidx.legacy:legacy-support-core-utils:1.0.0] AndroidManifest.xml:17:1-22:12
MERGED from [androidx.loader:loader:1.0.0] AndroidManifest.xml:17:1-22:12
MERGED from [androidx.lifecycle:lifecycle-viewmodel:2.5.1] AndroidManifest.xml:17:1-24:12
MERGED from [androidx.lifecycle:lifecycle-viewmodel-savedstate:2.5.1] AndroidManifest.xml:17:1-24:12
MERGED from [androidx.sqlite:sqlite-framework:2.2.0] AndroidManifest.xml:17:1-24:12
MERGED from [androidx.swiperefreshlayout:swiperefreshlayout:1.0.0] AndroidManifest.xml:17:1-22:12
MERGED from [androidx.emoji2:emoji2-views-helper:1.0.0] AndroidManifest.xml:17:1-24:12
MERGED from [androidx.emoji2:emoji2:1.0.0] AndroidManifest.xml:17:1-37:12
MERGED from [androidx.lifecycle:lifecycle-process:2.4.0] AndroidManifest.xml:17:1-37:12
MERGED from [androidx.startup:startup-runtime:1.0.0] AndroidManifest.xml:17:1-33:12
MERGED from [androidx.tracing:tracing:1.1.0] AndroidManifest.xml:17:1-24:12
MERGED from [androidx.autofill:autofill:1.1.0] AndroidManifest.xml:17:1-24:12
MERGED from [com.google.android.exoplayer:exoplayer:2.18.1] AndroidManifest.xml:17:1-24:12
MERGED from [com.google.android.exoplayer:exoplayer-ui:2.18.1] AndroidManifest.xml:17:1-24:12
MERGED from [androidx.media:media:1.6.0] AndroidManifest.xml:17:1-24:12
MERGED from [androidx.webkit:webkit:1.4.0] AndroidManifest.xml:17:1-24:12
MERGED from [androidx.appcompat:appcompat-resources:1.4.2] AndroidManifest.xml:17:1-24:12
MERGED from [androidx.vectordrawable:vectordrawable-animated:1.1.0] AndroidManifest.xml:17:1-24:12
MERGED from [androidx.vectordrawable:vectordrawable:1.1.0] AndroidManifest.xml:17:1-24:12
MERGED from [androidx.coordinatorlayout:coordinatorlayout:1.2.0] AndroidManifest.xml:17:1-24:12
MERGED from [androidx.recyclerview:recyclerview:1.2.1] AndroidManifest.xml:17:1-24:12
MERGED from [com.google.android.exoplayer:exoplayer-dash:2.18.1] AndroidManifest.xml:17:1-24:12
MERGED from [com.google.android.exoplayer:exoplayer-hls:2.18.1] AndroidManifest.xml:17:1-24:12
MERGED from [com.google.android.exoplayer:exoplayer-rtsp:2.18.1] AndroidManifest.xml:17:1-24:12
MERGED from [com.google.android.exoplayer:exoplayer-smoothstreaming:2.18.1] AndroidManifest.xml:17:1-24:12
MERGED from [com.google.android.exoplayer:exoplayer-core:2.18.1] AndroidManifest.xml:17:1-26:12
MERGED from [androidx.core:core-ktx:1.9.0] AndroidManifest.xml:2:1-7:12
MERGED from [androidx.drawerlayout:drawerlayout:1.1.1] AndroidManifest.xml:17:1-24:12
MERGED from [androidx.transition:transition:1.2.0] AndroidManifest.xml:17:1-24:12
MERGED from [androidx.viewpager:viewpager:1.0.0] AndroidManifest.xml:17:1-22:12
MERGED from [androidx.slidingpanelayout:slidingpanelayout:1.0.0] AndroidManifest.xml:17:1-22:12
MERGED from [androidx.customview:customview:1.1.0] AndroidManifest.xml:17:1-24:12
MERGED from [androidx.asynclayoutinflater:asynclayoutinflater:1.0.0] AndroidManifest.xml:17:1-22:12
MERGED from [androidx.core:core:1.9.0] AndroidManifest.xml:17:1-30:12
MERGED from [com.google.android.exoplayer:extension-okhttp:2.18.1] AndroidManifest.xml:17:1-24:12
MERGED from [androidx.sqlite:sqlite:2.2.0] AndroidManifest.xml:17:1-24:12
MERGED from [androidx.interpolator:interpolator:1.0.0] AndroidManifest.xml:17:1-22:12
MERGED from [androidx.databinding:viewbinding:7.2.2] AndroidManifest.xml:17:1-24:12
MERGED from [androidx.versionedparcelable:versionedparcelable:1.1.1] AndroidManifest.xml:17:1-27:12
MERGED from [com.google.android.exoplayer:exoplayer-datasource:2.18.1] AndroidManifest.xml:17:1-24:12
MERGED from [com.google.android.exoplayer:exoplayer-database:2.18.1] AndroidManifest.xml:17:1-24:12
MERGED from [com.google.android.exoplayer:exoplayer-extractor:2.18.1] AndroidManifest.xml:17:1-24:12
MERGED from [com.google.android.exoplayer:exoplayer-decoder:2.18.1] AndroidManifest.xml:17:1-24:12
MERGED from [com.google.android.exoplayer:exoplayer-common:2.18.1] AndroidManifest.xml:17:1-26:12
MERGED from [androidx.lifecycle:lifecycle-runtime:2.5.1] AndroidManifest.xml:17:1-24:12
MERGED from [androidx.savedstate:savedstate:1.2.0] AndroidManifest.xml:17:1-24:12
MERGED from [androidx.cursoradapter:cursoradapter:1.0.0] AndroidManifest.xml:17:1-22:12
MERGED from [androidx.cardview:cardview:1.0.0] AndroidManifest.xml:17:1-22:12
MERGED from [androidx.lifecycle:lifecycle-livedata:2.0.0] AndroidManifest.xml:17:1-22:12
MERGED from [androidx.lifecycle:lifecycle-livedata-core:2.5.1] AndroidManifest.xml:17:1-24:12
MERGED from [androidx.arch.core:core-runtime:2.1.0] AndroidManifest.xml:17:1-24:12
MERGED from [androidx.documentfile:documentfile:1.0.0] AndroidManifest.xml:17:1-22:12
MERGED from [androidx.localbroadcastmanager:localbroadcastmanager:1.0.0] AndroidManifest.xml:17:1-22:12
MERGED from [androidx.print:print:1.0.0] AndroidManifest.xml:17:1-22:12
MERGED from [androidx.annotation:annotation-experimental:1.3.0] AndroidManifest.xml:17:1-22:12
MERGED from [com.android.ndk.thirdparty:openssl:1.1.1l-beta-1] AndroidManifest.xml:1:1-3:12
MERGED from [com.facebook.fbjni:fbjni:0.3.0] AndroidManifest.xml:2:1-9:12
MERGED from [com.facebook.fresco:flipper:2.6.0] AndroidManifest.xml:2:1-9:12
MERGED from [com.facebook.fresco:stetho:2.6.0] AndroidManifest.xml:2:1-9:12
MERGED from [com.facebook.fresco:fresco:2.6.0] AndroidManifest.xml:2:1-9:12
MERGED from [com.facebook.fresco:soloader:2.6.0] AndroidManifest.xml:2:1-9:12
MERGED from [com.facebook.fresco:animated-gif:2.6.0] AndroidManifest.xml:2:1-9:12
MERGED from [com.facebook.fresco:animated-webp:2.6.0] AndroidManifest.xml:2:1-9:12
MERGED from [com.facebook.fresco:animated-base:2.6.0] AndroidManifest.xml:2:1-9:12
MERGED from [com.facebook.fresco:animated-drawable:2.6.0] AndroidManifest.xml:2:1-9:12
MERGED from [com.facebook.fresco:drawee:2.6.0] AndroidManifest.xml:2:1-9:12
MERGED from [com.facebook.fresco:nativeimagefilters:2.6.0] AndroidManifest.xml:2:1-9:12
MERGED from [com.facebook.fresco:memory-type-native:2.6.0] AndroidManifest.xml:2:1-9:12
MERGED from [com.facebook.fresco:memory-type-java:2.6.0] AndroidManifest.xml:2:1-9:12
MERGED from [com.facebook.fresco:imagepipeline-native:2.6.0] AndroidManifest.xml:2:1-9:12
MERGED from [com.facebook.soloader:soloader:0.10.5] AndroidManifest.xml:2:1-17:12
MERGED from [com.facebook.fresco:memory-type-ashmem:2.6.0] AndroidManifest.xml:2:1-9:12
MERGED from [com.facebook.fresco:imagepipeline:2.6.0] AndroidManifest.xml:2:1-9:12
MERGED from [com.facebook.fresco:nativeimagetranscoder:2.6.0] AndroidManifest.xml:2:1-9:12
MERGED from [com.facebook.fresco:webpsupport:2.6.0] AndroidManifest.xml:2:1-9:12
MERGED from [com.facebook.fresco:imagepipeline-base:2.6.0] AndroidManifest.xml:2:1-9:12
MERGED from [com.facebook.fresco:middleware:2.6.0] AndroidManifest.xml:2:1-9:12
MERGED from [com.facebook.fresco:ui-common:2.6.0] AndroidManifest.xml:2:1-9:12
MERGED from [com.amplitude:android-sdk:2.34.0] AndroidManifest.xml:2:1-11:12
MERGED from [com.squareup.duktape:duktape-android:1.3.0] AndroidManifest.xml:2:1-14:12
MERGED from [com.jakewharton.timber:timber:4.7.1] AndroidManifest.xml:2:1-9:12
MERGED from [com.android.installreferrer:installreferrer:1.1.2] AndroidManifest.xml:2:1-13:12
MERGED from [org.jitsi:webrtc:118.0.0] AndroidManifest.xml:2:1-11:12
MERGED from [com.facebook.fresco:fbcore:2.6.0] AndroidManifest.xml:2:1-9:12
MERGED from [com.elvishew:xlog:1.11.0] AndroidManifest.xml:2:1-9:12
INJECTED from src\debug\AndroidManifest.xml:2:1-23:12
INJECTED from src\debug\AndroidManifest.xml:2:1-23:12
INJECTED from src\debug\AndroidManifest.xml:2:1-23:12
	package
		INJECTED from src\main\AndroidManifest.xml
		ADDED from src\main\AndroidManifest.xml:1:1-34:12
		INJECTED from src\debug\AndroidManifest.xml
	android:versionName
		INJECTED from src\main\AndroidManifest.xml
		ADDED from src\main\AndroidManifest.xml:1:1-34:12
		INJECTED from src\debug\AndroidManifest.xml
	xmlns:tools
		ADDED from src\debug\AndroidManifest.xml:3:5-51
	android:versionCode
		INJECTED from src\main\AndroidManifest.xml
		ADDED from src\main\AndroidManifest.xml:1:1-34:12
		INJECTED from src\debug\AndroidManifest.xml
	xmlns:android
		ADDED from src\main\AndroidManifest.xml:1:11-69
uses-permission#android.permission.INTERNET
ADDED from src\main\AndroidManifest.xml:3:5-67
MERGED from src\main\AndroidManifest.xml:3:5-67
MERGED from src\main\AndroidManifest.xml:3:5-67
MERGED from [com.facebook.flipper:flipper:0.182.0] AndroidManifest.xml:15:5-67
MERGED from [com.facebook.flipper:flipper:0.182.0] AndroidManifest.xml:15:5-67
MERGED from [com.giphy.sdk:ui:2.3.4] AndroidManifest.xml:9:5-67
MERGED from [com.giphy.sdk:ui:2.3.4] AndroidManifest.xml:9:5-67
MERGED from [com.google.android.gms:play-services-iid:17.0.0] AndroidManifest.xml:24:5-67
MERGED from [com.google.android.gms:play-services-iid:17.0.0] AndroidManifest.xml:24:5-67
MERGED from [com.amplitude:android-sdk:2.34.0] AndroidManifest.xml:9:5-67
MERGED from [com.amplitude:android-sdk:2.34.0] AndroidManifest.xml:9:5-67
	android:name
		ADDED from src\main\AndroidManifest.xml:3:22-64
uses-permission#android.permission.ACCESS_NETWORK_STATE
ADDED from src\main\AndroidManifest.xml:5:5-79
MERGED from src\main\AndroidManifest.xml:5:5-79
MERGED from src\main\AndroidManifest.xml:5:5-79
MERGED from [:react-native-community_netinfo] AndroidManifest.xml:7:5-79
MERGED from [:react-native-community_netinfo] AndroidManifest.xml:7:5-79
MERGED from [com.google.android.exoplayer:exoplayer-core:2.18.1] AndroidManifest.xml:24:5-79
MERGED from [com.google.android.exoplayer:exoplayer-core:2.18.1] AndroidManifest.xml:24:5-79
MERGED from [com.google.android.exoplayer:exoplayer-common:2.18.1] AndroidManifest.xml:24:5-79
MERGED from [com.google.android.exoplayer:exoplayer-common:2.18.1] AndroidManifest.xml:24:5-79
	android:name
		ADDED from src\main\AndroidManifest.xml:5:22-76
uses-permission#android.permission.BLUETOOTH
ADDED from src\main\AndroidManifest.xml:6:5-68
MERGED from src\main\AndroidManifest.xml:6:5-68
MERGED from src\main\AndroidManifest.xml:6:5-68
	android:name
		ADDED from src\main\AndroidManifest.xml:6:22-65
uses-permission#android.permission.CAMERA
ADDED from src\main\AndroidManifest.xml:7:5-65
MERGED from src\main\AndroidManifest.xml:7:5-65
MERGED from src\main\AndroidManifest.xml:7:5-65
MERGED from [com.github.jiangdongguo.AndroidUSBCamera:libausbc:3.3.3] AndroidManifest.xml:11:5-65
MERGED from [com.github.jiangdongguo.AndroidUSBCamera:libausbc:3.3.3] AndroidManifest.xml:11:5-65
	android:name
		ADDED from src\main\AndroidManifest.xml:7:22-62
uses-permission#android.permission.MANAGE_OWN_CALLS
ADDED from src\main\AndroidManifest.xml:8:5-75
MERGED from src\main\AndroidManifest.xml:8:5-75
MERGED from src\main\AndroidManifest.xml:8:5-75
	android:name
		ADDED from src\main\AndroidManifest.xml:8:22-72
uses-permission#android.permission.MODIFY_AUDIO_SETTINGS
ADDED from src\main\AndroidManifest.xml:9:5-80
MERGED from src\main\AndroidManifest.xml:9:5-80
MERGED from src\main\AndroidManifest.xml:9:5-80
	android:name
		ADDED from src\main\AndroidManifest.xml:9:22-77
uses-permission#android.permission.RECORD_AUDIO
ADDED from src\main\AndroidManifest.xml:10:5-71
MERGED from src\main\AndroidManifest.xml:10:5-71
MERGED from src\main\AndroidManifest.xml:10:5-71
	android:name
		ADDED from src\main\AndroidManifest.xml:10:22-68
uses-permission#android.permission.WAKE_LOCK
ADDED from src\main\AndroidManifest.xml:11:5-68
MERGED from src\main\AndroidManifest.xml:11:5-68
MERGED from src\main\AndroidManifest.xml:11:5-68
MERGED from [:react-native-background-timer] AndroidManifest.xml:7:5-68
MERGED from [:react-native-background-timer] AndroidManifest.xml:7:5-68
	android:name
		ADDED from src\main\AndroidManifest.xml:11:22-65
uses-permission#android.permission.ACCESS_WIFI_STATE
ADDED from src\main\AndroidManifest.xml:12:5-76
MERGED from src\main\AndroidManifest.xml:12:5-76
MERGED from src\main\AndroidManifest.xml:12:5-76
MERGED from [com.facebook.flipper:flipper:0.182.0] AndroidManifest.xml:16:5-76
MERGED from [com.facebook.flipper:flipper:0.182.0] AndroidManifest.xml:16:5-76
MERGED from [:react-native-community_netinfo] AndroidManifest.xml:8:5-76
MERGED from [:react-native-community_netinfo] AndroidManifest.xml:8:5-76
	android:name
		ADDED from src\main\AndroidManifest.xml:12:22-73
application
ADDED from src\main\AndroidManifest.xml:14:5-33:19
MERGED from src\main\AndroidManifest.xml:14:5-33:19
MERGED from src\main\AndroidManifest.xml:14:5-33:19
MERGED from [:react-native-performance] AndroidManifest.xml:7:5-13:19
MERGED from [:react-native-performance] AndroidManifest.xml:7:5-13:19
MERGED from [:react-native-webrtc] AndroidManifest.xml:16:5-21:19
MERGED from [:react-native-webrtc] AndroidManifest.xml:16:5-21:19
MERGED from [:react-native-webview] AndroidManifest.xml:7:5-17:19
MERGED from [:react-native-webview] AndroidManifest.xml:7:5-17:19
MERGED from [com.giphy.sdk:ui:2.3.4] AndroidManifest.xml:11:5-21:19
MERGED from [com.giphy.sdk:ui:2.3.4] AndroidManifest.xml:11:5-21:19
MERGED from [com.airbnb.android:lottie:3.4.1] AndroidManifest.xml:9:5-20
MERGED from [com.airbnb.android:lottie:3.4.1] AndroidManifest.xml:9:5-20
MERGED from [com.google.android.material:material:1.6.1] AndroidManifest.xml:24:5-20
MERGED from [com.google.android.material:material:1.6.1] AndroidManifest.xml:24:5-20
MERGED from [androidx.constraintlayout:constraintlayout:2.1.4] AndroidManifest.xml:9:5-20
MERGED from [androidx.constraintlayout:constraintlayout:2.1.4] AndroidManifest.xml:9:5-20
MERGED from [com.google.android.gms:play-services-auth:20.5.0] AndroidManifest.xml:22:5-38:19
MERGED from [com.google.android.gms:play-services-auth:20.5.0] AndroidManifest.xml:22:5-38:19
MERGED from [com.google.android.gms:play-services-iid:17.0.0] AndroidManifest.xml:26:5-20
MERGED from [com.google.android.gms:play-services-iid:17.0.0] AndroidManifest.xml:26:5-20
MERGED from [com.google.android.gms:play-services-fido:20.0.1] AndroidManifest.xml:7:5-8:19
MERGED from [com.google.android.gms:play-services-fido:20.0.1] AndroidManifest.xml:7:5-8:19
MERGED from [com.google.android.gms:play-services-base:18.0.1] AndroidManifest.xml:19:5-23:19
MERGED from [com.google.android.gms:play-services-base:18.0.1] AndroidManifest.xml:19:5-23:19
MERGED from [com.google.android.gms:play-services-tasks:18.0.1] AndroidManifest.xml:5:5-20
MERGED from [com.google.android.gms:play-services-tasks:18.0.1] AndroidManifest.xml:5:5-20
MERGED from [com.google.android.gms:play-services-stats:17.0.0] AndroidManifest.xml:7:5-20
MERGED from [com.google.android.gms:play-services-stats:17.0.0] AndroidManifest.xml:7:5-20
MERGED from [com.google.android.gms:play-services-basement:18.2.0] AndroidManifest.xml:20:5-24:19
MERGED from [com.google.android.gms:play-services-basement:18.2.0] AndroidManifest.xml:20:5-24:19
MERGED from [androidx.emoji2:emoji2:1.0.0] AndroidManifest.xml:25:5-35:19
MERGED from [androidx.emoji2:emoji2:1.0.0] AndroidManifest.xml:25:5-35:19
MERGED from [androidx.lifecycle:lifecycle-process:2.4.0] AndroidManifest.xml:25:5-35:19
MERGED from [androidx.lifecycle:lifecycle-process:2.4.0] AndroidManifest.xml:25:5-35:19
MERGED from [androidx.startup:startup-runtime:1.0.0] AndroidManifest.xml:25:5-31:19
MERGED from [androidx.startup:startup-runtime:1.0.0] AndroidManifest.xml:25:5-31:19
MERGED from [androidx.core:core:1.9.0] AndroidManifest.xml:28:5-89
MERGED from [androidx.core:core:1.9.0] AndroidManifest.xml:28:5-89
MERGED from [androidx.versionedparcelable:versionedparcelable:1.1.1] AndroidManifest.xml:24:5-25:19
MERGED from [androidx.versionedparcelable:versionedparcelable:1.1.1] AndroidManifest.xml:24:5-25:19
MERGED from [com.facebook.soloader:soloader:0.10.5] AndroidManifest.xml:11:5-15:19
MERGED from [com.facebook.soloader:soloader:0.10.5] AndroidManifest.xml:11:5-15:19
MERGED from [com.squareup.duktape:duktape-android:1.3.0] AndroidManifest.xml:12:5-20
MERGED from [com.squareup.duktape:duktape-android:1.3.0] AndroidManifest.xml:12:5-20
MERGED from [com.jakewharton.timber:timber:4.7.1] AndroidManifest.xml:7:5-20
MERGED from [com.jakewharton.timber:timber:4.7.1] AndroidManifest.xml:7:5-20
MERGED from [com.android.installreferrer:installreferrer:1.1.2] AndroidManifest.xml:11:5-20
MERGED from [com.android.installreferrer:installreferrer:1.1.2] AndroidManifest.xml:11:5-20
	android:appComponentFactory
		ADDED from [androidx.core:core:1.9.0] AndroidManifest.xml:28:18-86
	android:label
		ADDED from src\main\AndroidManifest.xml:16:7-39
		ADDED from src\main\AndroidManifest.xml:16:7-39
	tools:ignore
		ADDED from src\debug\AndroidManifest.xml:20:9-48
	android:roundIcon
		ADDED from src\main\AndroidManifest.xml:18:7-52
		ADDED from src\main\AndroidManifest.xml:18:7-52
	tools:targetApi
		ADDED from src\debug\AndroidManifest.xml:19:9-29
	android:icon
		ADDED from src\main\AndroidManifest.xml:17:7-41
		ADDED from src\main\AndroidManifest.xml:17:7-41
	android:allowBackup
		ADDED from src\main\AndroidManifest.xml:19:7-34
		ADDED from src\main\AndroidManifest.xml:19:7-34
	android:theme
		ADDED from src\main\AndroidManifest.xml:20:7-38
		ADDED from src\main\AndroidManifest.xml:20:7-38
	android:usesCleartextTraffic
		ADDED from src\debug\AndroidManifest.xml:18:9-44
	android:name
		ADDED from src\main\AndroidManifest.xml:15:7-38
		ADDED from src\main\AndroidManifest.xml:15:7-38
activity#com.rnsdktester.MainActivity
ADDED from src\main\AndroidManifest.xml:21:7-32:18
	android:label
		ADDED from src\main\AndroidManifest.xml:23:9-41
	android:launchMode
		ADDED from src\main\AndroidManifest.xml:25:9-40
	android:windowSoftInputMode
		ADDED from src\main\AndroidManifest.xml:26:9-51
	android:exported
		ADDED from src\main\AndroidManifest.xml:27:9-32
	android:configChanges
		ADDED from src\main\AndroidManifest.xml:24:9-118
	android:name
		ADDED from src\main\AndroidManifest.xml:22:9-37
intent-filter#action:name:android.intent.action.MAIN+category:name:android.intent.category.LAUNCHER
ADDED from src\main\AndroidManifest.xml:28:9-31:25
action#android.intent.action.MAIN
ADDED from src\main\AndroidManifest.xml:29:13-65
	android:name
		ADDED from src\main\AndroidManifest.xml:29:21-62
category#android.intent.category.LAUNCHER
ADDED from src\main\AndroidManifest.xml:30:13-73
	android:name
		ADDED from src\main\AndroidManifest.xml:30:23-70
uses-sdk
INJECTED from src\main\AndroidManifest.xml reason: use-sdk injection requested
INJECTED from src\main\AndroidManifest.xml
INJECTED from src\main\AndroidManifest.xml
MERGED from [com.facebook.flipper:flipper-network-plugin:0.182.0] AndroidManifest.xml:11:5-13:41
MERGED from [com.facebook.flipper:flipper-network-plugin:0.182.0] AndroidManifest.xml:11:5-13:41
MERGED from [com.facebook.flipper:flipper-fresco-plugin:0.182.0] AndroidManifest.xml:11:5-13:41
MERGED from [com.facebook.flipper:flipper-fresco-plugin:0.182.0] AndroidManifest.xml:11:5-13:41
MERGED from [com.facebook.flipper:flipper:0.182.0] AndroidManifest.xml:11:5-13:41
MERGED from [com.facebook.flipper:flipper:0.182.0] AndroidManifest.xml:11:5-13:41
MERGED from [:amplitude_react-native] AndroidManifest.xml:5:5-44
MERGED from [:amplitude_react-native] AndroidManifest.xml:5:5-44
MERGED from [:giphy_react-native-sdk] AndroidManifest.xml:5:5-44
MERGED from [:giphy_react-native-sdk] AndroidManifest.xml:5:5-44
MERGED from [:jitsi_react-native-sdk] AndroidManifest.xml:5:5-44
MERGED from [:jitsi_react-native-sdk] AndroidManifest.xml:5:5-44
MERGED from [:react-native-async-storage_async-storage] AndroidManifest.xml:5:5-44
MERGED from [:react-native-async-storage_async-storage] AndroidManifest.xml:5:5-44
MERGED from [:react-native-community_clipboard] AndroidManifest.xml:5:5-44
MERGED from [:react-native-community_clipboard] AndroidManifest.xml:5:5-44
MERGED from [:react-native-community_netinfo] AndroidManifest.xml:5:5-44
MERGED from [:react-native-community_netinfo] AndroidManifest.xml:5:5-44
MERGED from [:react-native-community_slider] AndroidManifest.xml:5:5-44
MERGED from [:react-native-community_slider] AndroidManifest.xml:5:5-44
MERGED from [:react-native-google-signin_google-signin] AndroidManifest.xml:5:5-44
MERGED from [:react-native-google-signin_google-signin] AndroidManifest.xml:5:5-44
MERGED from [:react-native-background-timer] AndroidManifest.xml:5:5-44
MERGED from [:react-native-background-timer] AndroidManifest.xml:5:5-44
MERGED from [:react-native-calendar-events] AndroidManifest.xml:5:5-44
MERGED from [:react-native-calendar-events] AndroidManifest.xml:5:5-44
MERGED from [:react-native-default-preference] AndroidManifest.xml:5:5-44
MERGED from [:react-native-default-preference] AndroidManifest.xml:5:5-44
MERGED from [:react-native-device-info] AndroidManifest.xml:5:5-44
MERGED from [:react-native-device-info] AndroidManifest.xml:5:5-44
MERGED from [:react-native-gesture-handler] AndroidManifest.xml:5:5-44
MERGED from [:react-native-gesture-handler] AndroidManifest.xml:5:5-44
MERGED from [:react-native-get-random-values] AndroidManifest.xml:5:5-44
MERGED from [:react-native-get-random-values] AndroidManifest.xml:5:5-44
MERGED from [:react-native-immersive-mode] AndroidManifest.xml:5:5-44
MERGED from [:react-native-immersive-mode] AndroidManifest.xml:5:5-44
MERGED from [:react-native-keep-awake] AndroidManifest.xml:5:5-44
MERGED from [:react-native-keep-awake] AndroidManifest.xml:5:5-44
MERGED from [:react-native-orientation-locker] AndroidManifest.xml:5:5-44
MERGED from [:react-native-orientation-locker] AndroidManifest.xml:5:5-44
MERGED from [:react-native-pager-view] AndroidManifest.xml:5:5-44
MERGED from [:react-native-pager-view] AndroidManifest.xml:5:5-44
MERGED from [:react-native-performance] AndroidManifest.xml:5:5-44
MERGED from [:react-native-performance] AndroidManifest.xml:5:5-44
MERGED from [:react-native-safe-area-context] AndroidManifest.xml:5:5-44
MERGED from [:react-native-safe-area-context] AndroidManifest.xml:5:5-44
MERGED from [:react-native-screens] AndroidManifest.xml:5:5-44
MERGED from [:react-native-screens] AndroidManifest.xml:5:5-44
MERGED from [:react-native-splash-screen] AndroidManifest.xml:5:5-44
MERGED from [:react-native-splash-screen] AndroidManifest.xml:5:5-44
MERGED from [:react-native-svg] AndroidManifest.xml:5:5-44
MERGED from [:react-native-svg] AndroidManifest.xml:5:5-44
MERGED from [:react-native-video] AndroidManifest.xml:5:5-44
MERGED from [:react-native-video] AndroidManifest.xml:5:5-44
MERGED from [:react-native-webrtc] AndroidManifest.xml:6:5-44
MERGED from [:react-native-webrtc] AndroidManifest.xml:6:5-44
MERGED from [:react-native-webview] AndroidManifest.xml:5:5-44
MERGED from [:react-native-webview] AndroidManifest.xml:5:5-44
MERGED from [com.facebook.react:react-android:0.72.12] AndroidManifest.xml:5:5-44
MERGED from [com.facebook.react:react-android:0.72.12] AndroidManifest.xml:5:5-44
MERGED from [com.facebook.react:hermes-android:0.72.12] AndroidManifest.xml:5:5-44
MERGED from [com.facebook.react:hermes-android:0.72.12] AndroidManifest.xml:5:5-44
MERGED from [:react-native-sound] AndroidManifest.xml:6:5-44
MERGED from [:react-native-sound] AndroidManifest.xml:6:5-44
MERGED from [com.giphy.sdk:ui:2.3.4] AndroidManifest.xml:5:5-7:41
MERGED from [com.giphy.sdk:ui:2.3.4] AndroidManifest.xml:5:5-7:41
MERGED from [com.facebook.fresco:imagepipeline-okhttp3:2.6.0] AndroidManifest.xml:5:5-7:41
MERGED from [com.facebook.fresco:imagepipeline-okhttp3:2.6.0] AndroidManifest.xml:5:5-7:41
MERGED from [com.airbnb.android:lottie:3.4.1] AndroidManifest.xml:5:5-7:41
MERGED from [com.airbnb.android:lottie:3.4.1] AndroidManifest.xml:5:5-7:41
MERGED from [com.github.jiangdongguo.AndroidUSBCamera:libausbc:3.3.3] AndroidManifest.xml:5:5-7:41
MERGED from [com.github.jiangdongguo.AndroidUSBCamera:libausbc:3.3.3] AndroidManifest.xml:5:5-7:41
MERGED from [com.github.jiangdongguo.AndroidUSBCamera:libnative:3.3.3] AndroidManifest.xml:5:5-7:41
MERGED from [com.github.jiangdongguo.AndroidUSBCamera:libnative:3.3.3] AndroidManifest.xml:5:5-7:41
MERGED from [com.google.android.material:material:1.6.1] AndroidManifest.xml:20:5-22:41
MERGED from [com.google.android.material:material:1.6.1] AndroidManifest.xml:20:5-22:41
MERGED from [androidx.constraintlayout:constraintlayout:2.1.4] AndroidManifest.xml:5:5-7:41
MERGED from [androidx.constraintlayout:constraintlayout:2.1.4] AndroidManifest.xml:5:5-7:41
MERGED from [com.github.jiangdongguo.AndroidUSBCamera:libuvc:3.3.3] AndroidManifest.xml:27:5-29:41
MERGED from [com.github.jiangdongguo.AndroidUSBCamera:libuvc:3.3.3] AndroidManifest.xml:27:5-29:41
MERGED from [com.github.jiangdongguo.AndroidUSBCamera:libuvccommon:3.3.3] AndroidManifest.xml:5:5-7:41
MERGED from [com.github.jiangdongguo.AndroidUSBCamera:libuvccommon:3.3.3] AndroidManifest.xml:5:5-7:41
MERGED from [androidx.preference:preference:1.0.0] AndroidManifest.xml:20:5-44
MERGED from [androidx.preference:preference:1.0.0] AndroidManifest.xml:20:5-44
MERGED from [androidx.appcompat:appcompat:1.4.2] AndroidManifest.xml:20:5-22:41
MERGED from [androidx.appcompat:appcompat:1.4.2] AndroidManifest.xml:20:5-22:41